Using pre-set license
Built from '2020.2/staging' branch; Version is '2020.2.5f1 (e2c53f129de5) revision 14861631'; Using compiler version '192528614'; Build Type 'Release'
OS: 'Windows 10 Home; OS build 19043.1288; Version 2009; 64bit' Language: 'ja' Physical Memory: 16230 MB
BatchMode: 1, IsHumanControllingUs: 0, StartBugReporterOnCrash: 0, Is64bit: 1, IsPro: 0

 COMMAND LINE ARGUMENTS:
C:\Program Files\Unity\Hub\Editor\2020.2.5f1\Editor\Unity.exe
-adb2
-batchMode
-noUpm
-name
AssetImportWorker0
-projectPath
C:/Users/mikud/Desktop/ActionRPG/ActionRPG
-logFile
Logs/AssetImportWorker0.log
-srvPort
64954
Successfully changed project path to: C:/Users/mikud/Desktop/ActionRPG/ActionRPG
C:/Users/mikud/Desktop/ActionRPG/ActionRPG
Using Asset Import Pipeline V2.
Refreshing native plugins compatible for Editor in 41.76 ms, found 0 plugins.
Preloading 0 native plugins for Editor in 0.00 ms.
Initialize engine version: 2020.2.5f1 (e2c53f129de5)
[Subsystems] Discovering subsystems at path C:/Program Files/Unity/Hub/Editor/2020.2.5f1/Editor/Data/Resources/UnitySubsystems
[Subsystems] Discovering subsystems at path C:/Users/mikud/Desktop/ActionRPG/ActionRPG/Assets
GfxDevice: creating device client; threaded=0
Direct3D:
    Version:  Direct3D 11.0 [level 11.1]
    Renderer: NVIDIA GeForce GTX 1060 6GB (ID=0x1c03)
    Vendor:   
    VRAM:     6052 MB
    Driver:   27.21.14.6089
Initialize mono
Mono path[0] = 'C:/Program Files/Unity/Hub/Editor/2020.2.5f1/Editor/Data/Managed'
Mono path[1] = 'C:/Program Files/Unity/Hub/Editor/2020.2.5f1/Editor/Data/MonoBleedingEdge/lib/mono/unityjit'
Mono config path = 'C:/Program Files/Unity/Hub/Editor/2020.2.5f1/Editor/Data/MonoBleedingEdge/etc'
Using monoOptions --debugger-agent=transport=dt_socket,embedding=1,server=y,suspend=n,address=127.0.0.1:56668
Begin MonoManager ReloadAssembly
Registering precompiled unity dll's ...
Register platform support module: C:/Program Files/Unity/Hub/Editor/2020.2.5f1/Editor/Data/PlaybackEngines/WindowsStandaloneSupport/UnityEditor.WindowsStandalone.Extensions.dll
Registered in 0.001887 seconds.
Native extension for WindowsStandalone target not found
Refreshing native plugins compatible for Editor in 39.86 ms, found 0 plugins.
Preloading 0 native plugins for Editor in 0.00 ms.
Invoked RoslynAnalysisRunner static constructor.
RoslynAnalysisRunner will not be running.
RoslynAnalysisRunner has terminated.
Mono: successfully reloaded assembly
- Completed reload, in  1.111 seconds
Platform modules already initialized, skipping
Registering precompiled user dll's ...
Registered in 0.001395 seconds.
Begin MonoManager ReloadAssembly
Native extension for WindowsStandalone target not found
Refreshing native plugins compatible for Editor in 45.76 ms, found 0 plugins.
Preloading 0 native plugins for Editor in 0.00 ms.
Invoked RoslynAnalysisRunner static constructor.
RoslynAnalysisRunner will not be running.
RoslynAnalysisRunner has terminated.
Mono: successfully reloaded assembly
- Completed reload, in  0.991 seconds
Platform modules already initialized, skipping
========================================================================
Worker process is ready to serve import requests
Shader 'Universal Render Pipeline/Particles/Lit': fallback shader 'Universal Render Pipeline/Particles/SimpleLit' not found
Shader 'Universal Render Pipeline/Particles/Lit': fallback shader 'Universal Render Pipeline/Particles/SimpleLit' not found
Launched and connected shader compiler UnityShaderCompiler.exe after 0.06 seconds
Refreshing native plugins compatible for Editor in 0.77 ms, found 0 plugins.
Preloading 0 native plugins for Editor in 0.00 ms.
Unloading 2446 Unused Serialized files (Serialized files now loaded: 0)
System memory in use before: 112.2 MB.
System memory in use after: 110.0 MB.

Unloading 45 unused Assets to reduce memory usage. Loaded Objects now: 2857.
Total: 3.119500 ms (FindLiveObjects: 0.385800 ms CreateObjectMapping: 0.134000 ms MarkObjects: 1.545000 ms  DeleteObjects: 1.053300 ms)

========================================================================
Received Import Request.
  path: Assets/Actor/Material/ActorBase.mat
  artifactKey: Guid(ce9d7ca586c54dd468db0c3f939ddce4) Importer(815301076,1909f56bfc062723c751e8b465ee728b)
Start importing Assets/Actor/Material/ActorBase.mat using Guid(ce9d7ca586c54dd468db0c3f939ddce4) Importer(815301076,1909f56bfc062723c751e8b465ee728b)  -> (artifact id: '1892366baaa1a8d3f031d727d10b35e5') in 0.275638 seconds
  Import took 0.280310 seconds .

========================================================================
Received Import Request.
  Time since last request: 6.963008 seconds.
  path: Assets/Actor/Mesh/@Walking.fbx
  artifactKey: Guid(f9e9f6e0594c2934d83e2dde3982db20) Importer(815301076,1909f56bfc062723c751e8b465ee728b)
Start importing Assets/Actor/Mesh/@Walking.fbx using Guid(f9e9f6e0594c2934d83e2dde3982db20) Importer(815301076,1909f56bfc062723c751e8b465ee728b)  -> (artifact id: '0b20184e4a9ebd48e0b71b44f5def7f2') in 0.118445 seconds
  Import took 0.125218 seconds .

========================================================================
Received Import Request.
  Time since last request: 34.414539 seconds.
  path: Assets/Actor/Mesh/eve_j_gonzales.prefab
  artifactKey: Guid(abdb26c434076d340b6ebe3a7f7aa01d) Importer(815301076,1909f56bfc062723c751e8b465ee728b)
Start importing Assets/Actor/Mesh/eve_j_gonzales.prefab using Guid(abdb26c434076d340b6ebe3a7f7aa01d) Importer(815301076,1909f56bfc062723c751e8b465ee728b)  -> (artifact id: '77eb83f7ab19dcf94ac26b6c01fc5304') in 0.028300 seconds
  Import took 0.034129 seconds .

========================================================================
Received Import Request.
  Time since last request: 0.020884 seconds.
  path: Assets/Actor/Mesh/eve_j_gonzales.prefab
  artifactKey: Guid(abdb26c434076d340b6ebe3a7f7aa01d) Importer(815301076,1909f56bfc062723c751e8b465ee728b)
Start importing Assets/Actor/Mesh/eve_j_gonzales.prefab using Guid(abdb26c434076d340b6ebe3a7f7aa01d) Importer(815301076,1909f56bfc062723c751e8b465ee728b)  -> (artifact id: '77eb83f7ab19dcf94ac26b6c01fc5304') in 0.018377 seconds
  Import took 0.023429 seconds .

========================================================================
Received Import Request.
  Time since last request: 581.422954 seconds.
  path: Assets/Actor/actorbase.controller
  artifactKey: Guid(cbd768db40cc0634fac02f6f02585f0c) Importer(815301076,1909f56bfc062723c751e8b465ee728b)
Start importing Assets/Actor/actorbase.controller using Guid(cbd768db40cc0634fac02f6f02585f0c) Importer(815301076,1909f56bfc062723c751e8b465ee728b)  -> (artifact id: '5b2cd0599972136d366373cc60201616') in 0.020030 seconds
  Import took 0.029979 seconds .

========================================================================
Received Import Request.
  Time since last request: 0.001185 seconds.
  path: Assets/Actor/actorbase.controller
  artifactKey: Guid(cbd768db40cc0634fac02f6f02585f0c) Importer(815301076,1909f56bfc062723c751e8b465ee728b)
Start importing Assets/Actor/actorbase.controller using Guid(cbd768db40cc0634fac02f6f02585f0c) Importer(815301076,1909f56bfc062723c751e8b465ee728b)  -> (artifact id: '5b2cd0599972136d366373cc60201616') in 0.005686 seconds
  Import took 0.015822 seconds .

========================================================================
Received Prepare
Registering precompiled user dll's ...
Registered in 0.001890 seconds.
Begin MonoManager ReloadAssembly
Native extension for WindowsStandalone target not found
Refreshing native plugins compatible for Editor in 1.07 ms, found 0 plugins.
Preloading 0 native plugins for Editor in 0.00 ms.
Invoked RoslynAnalysisRunner static constructor.
RoslynAnalysisRunner will not be running.
RoslynAnalysisRunner has terminated.
Mono: successfully reloaded assembly
- Completed reload, in  1.553 seconds
Platform modules already initialized, skipping
Shader 'Universal Render Pipeline/Particles/Lit': fallback shader 'Universal Render Pipeline/Particles/SimpleLit' not found
Shader 'Universal Render Pipeline/Particles/Lit': fallback shader 'Universal Render Pipeline/Particles/SimpleLit' not found
Refreshing native plugins compatible for Editor in 0.96 ms, found 0 plugins.
Preloading 0 native plugins for Editor in 0.00 ms.
Unloading 2371 Unused Serialized files (Serialized files now loaded: 0)
System memory in use before: 128.8 MB.
System memory in use after: 126.6 MB.

Unloading 40 unused Assets to reduce memory usage. Loaded Objects now: 2941.
Total: 9.377800 ms (FindLiveObjects: 1.114600 ms CreateObjectMapping: 0.963400 ms MarkObjects: 4.429800 ms  DeleteObjects: 2.867300 ms)

========================================================================
Received Import Request.
  Time since last request: 58.593696 seconds.
  path: Assets/Actor/Mesh/@Walking.fbx
  artifactKey: Guid(f9e9f6e0594c2934d83e2dde3982db20) Importer(815301076,1909f56bfc062723c751e8b465ee728b)
Start importing Assets/Actor/Mesh/@Walking.fbx using Guid(f9e9f6e0594c2934d83e2dde3982db20) Importer(815301076,1909f56bfc062723c751e8b465ee728b)  -> (artifact id: 'a0d7655b12e9e898d039fa1794781936') in 0.352880 seconds
  Import took 0.360526 seconds .

========================================================================
Received Import Request.
  Time since last request: 173.504897 seconds.
  path: Assets/Actor/Mesh/@Walking.fbx
  artifactKey: Guid(f9e9f6e0594c2934d83e2dde3982db20) Importer(815301076,1909f56bfc062723c751e8b465ee728b)
Start importing Assets/Actor/Mesh/@Walking.fbx using Guid(f9e9f6e0594c2934d83e2dde3982db20) Importer(815301076,1909f56bfc062723c751e8b465ee728b)  -> (artifact id: '16cf78950f74f6cfe7ad13de1ecbdd15') in 0.055130 seconds
  Import took 0.063183 seconds .

========================================================================
Received Import Request.
  Time since last request: 39.814925 seconds.
  path: Assets/Actor/Mesh/@Walking.fbx
  artifactKey: Guid(f9e9f6e0594c2934d83e2dde3982db20) Importer(815301076,1909f56bfc062723c751e8b465ee728b)
Start importing Assets/Actor/Mesh/@Walking.fbx using Guid(f9e9f6e0594c2934d83e2dde3982db20) Importer(815301076,1909f56bfc062723c751e8b465ee728b)  -> (artifact id: 'a31db8526ab490632b354c85d61433e6') in 0.036350 seconds
  Import took 0.040159 seconds .

========================================================================
Received Prepare
Registering precompiled user dll's ...
Registered in 0.001513 seconds.
Begin MonoManager ReloadAssembly
Native extension for WindowsStandalone target not found
Refreshing native plugins compatible for Editor in 0.38 ms, found 0 plugins.
Preloading 0 native plugins for Editor in 0.00 ms.
Invoked RoslynAnalysisRunner static constructor.
RoslynAnalysisRunner will not be running.
RoslynAnalysisRunner has terminated.
Mono: successfully reloaded assembly
- Completed reload, in  0.994 seconds
Platform modules already initialized, skipping
Shader 'Universal Render Pipeline/Particles/Lit': fallback shader 'Universal Render Pipeline/Particles/SimpleLit' not found
Shader 'Universal Render Pipeline/Particles/Lit': fallback shader 'Universal Render Pipeline/Particles/SimpleLit' not found
Refreshing native plugins compatible for Editor in 0.43 ms, found 0 plugins.
Preloading 0 native plugins for Editor in 0.00 ms.
Unloading 2371 Unused Serialized files (Serialized files now loaded: 0)
System memory in use before: 129.0 MB.
System memory in use after: 126.8 MB.

Unloading 40 unused Assets to reduce memory usage. Loaded Objects now: 2979.
Total: 3.475900 ms (FindLiveObjects: 0.303900 ms CreateObjectMapping: 0.118500 ms MarkObjects: 1.852600 ms  DeleteObjects: 1.199900 ms)

========================================================================
Received Import Request.
  Time since last request: 818.080641 seconds.
  path: Assets/Actor/Mesh/@ Run.fbx
  artifactKey: Guid(3fa1fe79aa27ce24dac9f1271dddbdb0) Importer(815301076,1909f56bfc062723c751e8b465ee728b)
Start importing Assets/Actor/Mesh/@ Run.fbx using Guid(3fa1fe79aa27ce24dac9f1271dddbdb0) Importer(815301076,1909f56bfc062723c751e8b465ee728b)  -> (artifact id: 'edfbefb162521d19a18dfc047958a886') in 0.214289 seconds
  Import took 0.220563 seconds .

========================================================================
Received Import Request.
  Time since last request: 18.789241 seconds.
  path: Assets/Actor/Mesh/@walk.fbx
  artifactKey: Guid(f9e9f6e0594c2934d83e2dde3982db20) Importer(815301076,1909f56bfc062723c751e8b465ee728b)
Start importing Assets/Actor/Mesh/@walk.fbx using Guid(f9e9f6e0594c2934d83e2dde3982db20) Importer(815301076,1909f56bfc062723c751e8b465ee728b)  -> (artifact id: '8e4d6207a76aec8f13ac610867d1dfbf') in 0.042363 seconds
  Import took 0.049863 seconds .

========================================================================
Received Import Request.
  Time since last request: 11.636567 seconds.
  path: Assets/Actor/Mesh/@run.fbx
  artifactKey: Guid(3fa1fe79aa27ce24dac9f1271dddbdb0) Importer(815301076,1909f56bfc062723c751e8b465ee728b)
Start importing Assets/Actor/Mesh/@run.fbx using Guid(3fa1fe79aa27ce24dac9f1271dddbdb0) Importer(815301076,1909f56bfc062723c751e8b465ee728b)  -> (artifact id: '9c130af725db9f629e1dee8de979a140') in 0.041802 seconds
  Import took 0.047929 seconds .

========================================================================
Received Import Request.
  Time since last request: 0.002076 seconds.
  path: Assets/Actor/Mesh/@run.fbx
  artifactKey: Guid(3fa1fe79aa27ce24dac9f1271dddbdb0) Importer(815301076,1909f56bfc062723c751e8b465ee728b)
Start importing Assets/Actor/Mesh/@run.fbx using Guid(3fa1fe79aa27ce24dac9f1271dddbdb0) Importer(815301076,1909f56bfc062723c751e8b465ee728b)  -> (artifact id: '9c130af725db9f629e1dee8de979a140') in 0.039426 seconds
  Import took 0.045605 seconds .

========================================================================
Received Import Request.
  Time since last request: 12.282750 seconds.
  path: Assets/Actor/Mesh/@run 1.fbx
  artifactKey: Guid(6b5c0aa9c3b8d6e4594936eebc6ab85b) Importer(815301076,1909f56bfc062723c751e8b465ee728b)
Start importing Assets/Actor/Mesh/@run 1.fbx using Guid(6b5c0aa9c3b8d6e4594936eebc6ab85b) Importer(815301076,1909f56bfc062723c751e8b465ee728b)  -> (artifact id: '1757f5cdb284332e51305473eb033b77') in 0.042948 seconds
  Import took 0.050569 seconds .

========================================================================
Received Import Request.
  Time since last request: 0.002612 seconds.
  path: Assets/Actor/Mesh/@run 1.fbx
  artifactKey: Guid(6b5c0aa9c3b8d6e4594936eebc6ab85b) Importer(815301076,1909f56bfc062723c751e8b465ee728b)
Start importing Assets/Actor/Mesh/@run 1.fbx using Guid(6b5c0aa9c3b8d6e4594936eebc6ab85b) Importer(815301076,1909f56bfc062723c751e8b465ee728b)  -> (artifact id: '1757f5cdb284332e51305473eb033b77') in 0.048812 seconds
  Import took 0.055209 seconds .

========================================================================
Received Import Request.
  Time since last request: 74.909852 seconds.
  path: Assets/Actor/Mesh/@run.fbx
  artifactKey: Guid(3fa1fe79aa27ce24dac9f1271dddbdb0) Importer(815301076,1909f56bfc062723c751e8b465ee728b)
Start importing Assets/Actor/Mesh/@run.fbx using Guid(3fa1fe79aa27ce24dac9f1271dddbdb0) Importer(815301076,1909f56bfc062723c751e8b465ee728b)  -> (artifact id: 'e7e520b4d8ed3d82a3cd5c42ef735c78') in 0.034867 seconds
  Import took 0.040659 seconds .

========================================================================
Received Import Request.
  Time since last request: 0.001289 seconds.
  path: Assets/Actor/Mesh/@run.fbx
  artifactKey: Guid(3fa1fe79aa27ce24dac9f1271dddbdb0) Importer(815301076,1909f56bfc062723c751e8b465ee728b)
Start importing Assets/Actor/Mesh/@run.fbx using Guid(3fa1fe79aa27ce24dac9f1271dddbdb0) Importer(815301076,1909f56bfc062723c751e8b465ee728b)  -> (artifact id: 'e7e520b4d8ed3d82a3cd5c42ef735c78') in 0.035331 seconds
  Import took 0.039718 seconds .

========================================================================
Received Prepare
Registering precompiled user dll's ...
Registered in 0.001322 seconds.
Begin MonoManager ReloadAssembly
Native extension for WindowsStandalone target not found
Refreshing native plugins compatible for Editor in 0.56 ms, found 0 plugins.
Preloading 0 native plugins for Editor in 0.00 ms.
Invoked RoslynAnalysisRunner static constructor.
RoslynAnalysisRunner will not be running.
RoslynAnalysisRunner has terminated.
Mono: successfully reloaded assembly
- Completed reload, in  0.965 seconds
Platform modules already initialized, skipping
Shader 'Universal Render Pipeline/Particles/Lit': fallback shader 'Universal Render Pipeline/Particles/SimpleLit' not found
Shader 'Universal Render Pipeline/Particles/Lit': fallback shader 'Universal Render Pipeline/Particles/SimpleLit' not found
Refreshing native plugins compatible for Editor in 0.40 ms, found 0 plugins.
Preloading 0 native plugins for Editor in 0.00 ms.
Unloading 2371 Unused Serialized files (Serialized files now loaded: 0)
System memory in use before: 129.2 MB.
System memory in use after: 127.0 MB.

Unloading 40 unused Assets to reduce memory usage. Loaded Objects now: 3017.
Total: 5.689600 ms (FindLiveObjects: 0.402200 ms CreateObjectMapping: 0.113300 ms MarkObjects: 3.362700 ms  DeleteObjects: 1.809200 ms)

========================================================================
Received Import Request.
  Time since last request: 225.682139 seconds.
  path: Assets/Actor/Mesh/@run.fbx
  artifactKey: Guid(3fa1fe79aa27ce24dac9f1271dddbdb0) Importer(815301076,1909f56bfc062723c751e8b465ee728b)
Start importing Assets/Actor/Mesh/@run.fbx using Guid(3fa1fe79aa27ce24dac9f1271dddbdb0) Importer(815301076,1909f56bfc062723c751e8b465ee728b)  -> (artifact id: '2877ada322cabbd289e9259bdc5e6463') in 0.205727 seconds
  Import took 0.212597 seconds .

========================================================================
Received Import Request.
  Time since last request: 210.567763 seconds.
  path: Assets/Actor/actorbase.controller
  artifactKey: Guid(cbd768db40cc0634fac02f6f02585f0c) Importer(815301076,1909f56bfc062723c751e8b465ee728b)
Start importing Assets/Actor/actorbase.controller using Guid(cbd768db40cc0634fac02f6f02585f0c) Importer(815301076,1909f56bfc062723c751e8b465ee728b)  -> (artifact id: '607f9cd7956de4b6e4d6dbb396771035') in 0.011416 seconds
  Import took 0.016416 seconds .

========================================================================
Received Prepare
Registering precompiled user dll's ...
Registered in 0.001921 seconds.
Begin MonoManager ReloadAssembly
Native extension for WindowsStandalone target not found
Refreshing native plugins compatible for Editor in 0.36 ms, found 0 plugins.
Preloading 0 native plugins for Editor in 0.00 ms.
Invoked RoslynAnalysisRunner static constructor.
RoslynAnalysisRunner will not be running.
RoslynAnalysisRunner has terminated.
Mono: successfully reloaded assembly
- Completed reload, in  0.988 seconds
Platform modules already initialized, skipping
Shader 'Universal Render Pipeline/Particles/Lit': fallback shader 'Universal Render Pipeline/Particles/SimpleLit' not found
Shader 'Universal Render Pipeline/Particles/Lit': fallback shader 'Universal Render Pipeline/Particles/SimpleLit' not found
Refreshing native plugins compatible for Editor in 0.62 ms, found 0 plugins.
Preloading 0 native plugins for Editor in 0.00 ms.
Unloading 2371 Unused Serialized files (Serialized files now loaded: 0)
System memory in use before: 129.3 MB.
System memory in use after: 127.2 MB.

Unloading 40 unused Assets to reduce memory usage. Loaded Objects now: 3055.
Total: 4.810500 ms (FindLiveObjects: 0.355800 ms CreateObjectMapping: 0.165400 ms MarkObjects: 1.787900 ms  DeleteObjects: 2.499600 ms)

========================================================================
Received Import Request.
  Time since last request: 830.202631 seconds.
  path: Assets/Actor/Mesh/eve_j_gonzales.fbx
  artifactKey: Guid(0822a61c1ad3a2b40bedab0c28dc5584) Importer(815301076,1909f56bfc062723c751e8b465ee728b)
Start importing Assets/Actor/Mesh/eve_j_gonzales.fbx using Guid(0822a61c1ad3a2b40bedab0c28dc5584) Importer(815301076,1909f56bfc062723c751e8b465ee728b)  -> (artifact id: '45377df062849f4de17bf37c0bf32afb') in 0.211562 seconds
  Import took 0.216930 seconds .

========================================================================
Received Import Request.
  Time since last request: 0.000249 seconds.
  path: Assets/Actor/Mesh/eve_j_gonzales@Great Sword Kick.fbx
  artifactKey: Guid(6c4470c3591d2ae4484f6272fc8f2733) Importer(815301076,1909f56bfc062723c751e8b465ee728b)
Start importing Assets/Actor/Mesh/eve_j_gonzales@Great Sword Kick.fbx using Guid(6c4470c3591d2ae4484f6272fc8f2733) Importer(815301076,1909f56bfc062723c751e8b465ee728b)  -> (artifact id: '79124b15b9683824ad751184d5155c0f') in 0.052320 seconds
  Import took 0.057922 seconds .

========================================================================
Received Import Request.
  Time since last request: 0.000276 seconds.
  path: Assets/Actor/Mesh/eve_j_gonzales@Stable Sword Outward Slash.fbx
  artifactKey: Guid(a7b6ff3d800ae7d4fbb0b53379c2b18b) Importer(815301076,1909f56bfc062723c751e8b465ee728b)
Start importing Assets/Actor/Mesh/eve_j_gonzales@Stable Sword Outward Slash.fbx using Guid(a7b6ff3d800ae7d4fbb0b53379c2b18b) Importer(815301076,1909f56bfc062723c751e8b465ee728b)  -> (artifact id: 'd69df815e0b1e6337eb28993d4da0996') in 0.032976 seconds
  Import took 0.036879 seconds .

========================================================================
Received Import Request.
  Time since last request: 0.000255 seconds.
  path: Assets/Actor/Mesh/eve_j_gonzales@One Hand Sword Combo.fbx
  artifactKey: Guid(87f69ef7c9cf33042842386c73fd5d95) Importer(815301076,1909f56bfc062723c751e8b465ee728b)
Start importing Assets/Actor/Mesh/eve_j_gonzales@One Hand Sword Combo.fbx using Guid(87f69ef7c9cf33042842386c73fd5d95) Importer(815301076,1909f56bfc062723c751e8b465ee728b)  -> (artifact id: '1633f382c420cf9e22af5de61d590596') in 0.046052 seconds
  Import took 0.050320 seconds .

========================================================================
Received Import Request.
  Time since last request: 90.873250 seconds.
  path: Assets/Actor/Mesh/@attack_01.fbx
  artifactKey: Guid(6c4470c3591d2ae4484f6272fc8f2733) Importer(815301076,1909f56bfc062723c751e8b465ee728b)
Start importing Assets/Actor/Mesh/@attack_01.fbx using Guid(6c4470c3591d2ae4484f6272fc8f2733) Importer(815301076,1909f56bfc062723c751e8b465ee728b)  -> (artifact id: '04c3a211e349de06009d21aec83c4bf2') in 0.041982 seconds
  Import took 0.050258 seconds .

========================================================================
Received Import Request.
  Time since last request: 0.000387 seconds.
  path: Assets/Actor/Mesh/eve_j_gonzales.fbx
  artifactKey: Guid(0822a61c1ad3a2b40bedab0c28dc5584) Importer(815301076,1909f56bfc062723c751e8b465ee728b)
Start importing Assets/Actor/Mesh/eve_j_gonzales.fbx using Guid(0822a61c1ad3a2b40bedab0c28dc5584) Importer(815301076,1909f56bfc062723c751e8b465ee728b)  -> (artifact id: '0b1e8b0a95d22c1e68ec59cd08216292') in 0.034628 seconds
  Import took 0.041541 seconds .

========================================================================
Received Import Request.
  Time since last request: 0.000241 seconds.
  path: Assets/Actor/Mesh/@attack_01.fbx
  artifactKey: Guid(6c4470c3591d2ae4484f6272fc8f2733) Importer(815301076,1909f56bfc062723c751e8b465ee728b)
Start importing Assets/Actor/Mesh/@attack_01.fbx using Guid(6c4470c3591d2ae4484f6272fc8f2733) Importer(815301076,1909f56bfc062723c751e8b465ee728b)  -> (artifact id: '04c3a211e349de06009d21aec83c4bf2') in 0.046803 seconds
  Import took 0.051063 seconds .

========================================================================
Received Import Request.
  Time since last request: 0.000309 seconds.
  path: Assets/Actor/Mesh/eve_j_gonzales.fbx
  artifactKey: Guid(0822a61c1ad3a2b40bedab0c28dc5584) Importer(815301076,1909f56bfc062723c751e8b465ee728b)
Start importing Assets/Actor/Mesh/eve_j_gonzales.fbx using Guid(0822a61c1ad3a2b40bedab0c28dc5584) Importer(815301076,1909f56bfc062723c751e8b465ee728b)  -> (artifact id: '0b1e8b0a95d22c1e68ec59cd08216292') in 0.037082 seconds
  Import took 0.042955 seconds .

========================================================================
Received Import Request.
  Time since last request: 15.288859 seconds.
  path: Assets/Actor/Mesh/@attack_02.fbx
  artifactKey: Guid(87f69ef7c9cf33042842386c73fd5d95) Importer(815301076,1909f56bfc062723c751e8b465ee728b)
Start importing Assets/Actor/Mesh/@attack_02.fbx using Guid(87f69ef7c9cf33042842386c73fd5d95) Importer(815301076,1909f56bfc062723c751e8b465ee728b)  -> (artifact id: '1c0e40f34af1da662ea1fe4f922721f2') in 0.045804 seconds
  Import took 0.052195 seconds .

========================================================================
Received Import Request.
  Time since last request: 11.949583 seconds.
  path: Assets/Actor/Mesh/@attack_03.fbx
  artifactKey: Guid(a7b6ff3d800ae7d4fbb0b53379c2b18b) Importer(815301076,1909f56bfc062723c751e8b465ee728b)
Start importing Assets/Actor/Mesh/@attack_03.fbx using Guid(a7b6ff3d800ae7d4fbb0b53379c2b18b) Importer(815301076,1909f56bfc062723c751e8b465ee728b)  -> (artifact id: '77f25755538388a867529cdbbf075b6d') in 0.048413 seconds
  Import took 0.052992 seconds .

========================================================================
Received Import Request.
  Time since last request: 20.111962 seconds.
  path: Assets/Actor/Mesh/@attack_01.fbx
  artifactKey: Guid(6c4470c3591d2ae4484f6272fc8f2733) Importer(815301076,1909f56bfc062723c751e8b465ee728b)
Start importing Assets/Actor/Mesh/@attack_01.fbx using Guid(6c4470c3591d2ae4484f6272fc8f2733) Importer(815301076,1909f56bfc062723c751e8b465ee728b)  -> (artifact id: 'b915f1dcc4d2ff1d9fb28d8ae5dfeeb0') in 0.042414 seconds
  Import took 0.048363 seconds .

========================================================================
Received Import Request.
  Time since last request: 15.443533 seconds.
  path: Assets/Actor/Mesh/@attack_01.fbx
  artifactKey: Guid(6c4470c3591d2ae4484f6272fc8f2733) Importer(815301076,1909f56bfc062723c751e8b465ee728b)
Start importing Assets/Actor/Mesh/@attack_01.fbx using Guid(6c4470c3591d2ae4484f6272fc8f2733) Importer(815301076,1909f56bfc062723c751e8b465ee728b)  -> (artifact id: '6c7d06b45cd8509f368bfdebe915917b') in 0.040980 seconds
  Import took 0.047220 seconds .

========================================================================
Received Import Request.
  Time since last request: 14.749440 seconds.
  path: Assets/Actor/Mesh/@attack_02.fbx
  artifactKey: Guid(87f69ef7c9cf33042842386c73fd5d95) Importer(815301076,1909f56bfc062723c751e8b465ee728b)
Start importing Assets/Actor/Mesh/@attack_02.fbx using Guid(87f69ef7c9cf33042842386c73fd5d95) Importer(815301076,1909f56bfc062723c751e8b465ee728b)  -> (artifact id: '4bacf4c942ed9688ccd82bcd9abbbc5b') in 0.036546 seconds
  Import took 0.042425 seconds .

========================================================================
Received Import Request.
  Time since last request: 8.009885 seconds.
  path: Assets/Actor/Mesh/@attack_03.fbx
  artifactKey: Guid(a7b6ff3d800ae7d4fbb0b53379c2b18b) Importer(815301076,1909f56bfc062723c751e8b465ee728b)
Start importing Assets/Actor/Mesh/@attack_03.fbx using Guid(a7b6ff3d800ae7d4fbb0b53379c2b18b) Importer(815301076,1909f56bfc062723c751e8b465ee728b)  -> (artifact id: '87d40de1d1b15e6b9df397e2690a04ed') in 0.043022 seconds
  Import took 0.050364 seconds .

========================================================================
Received Import Request.
  Time since last request: 4.254644 seconds.
  path: Assets/Actor/Mesh/@attack_03.fbx
  artifactKey: Guid(a7b6ff3d800ae7d4fbb0b53379c2b18b) Importer(815301076,1909f56bfc062723c751e8b465ee728b)
Start importing Assets/Actor/Mesh/@attack_03.fbx using Guid(a7b6ff3d800ae7d4fbb0b53379c2b18b) Importer(815301076,1909f56bfc062723c751e8b465ee728b)  -> (artifact id: 'df9aadf7c17983bc1aaadb38c4b63c3c') in 0.036486 seconds
  Import took 0.041888 seconds .

========================================================================
Received Import Request.
  Time since last request: 5.100319 seconds.
  path: Assets/Actor/Mesh/attack_01.anim
  artifactKey: Guid(2b506b9f3f15f474c8956b1d158131e4) Importer(815301076,1909f56bfc062723c751e8b465ee728b)
Start importing Assets/Actor/Mesh/attack_01.anim using Guid(2b506b9f3f15f474c8956b1d158131e4) Importer(815301076,1909f56bfc062723c751e8b465ee728b)  -> (artifact id: 'b93fb42503857a2e81316046086c3b3f') in 0.020176 seconds
  Import took 0.025371 seconds .

========================================================================
Received Import Request.
  Time since last request: 0.002949 seconds.
  path: Assets/Actor/Mesh/attack_01.anim
  artifactKey: Guid(2b506b9f3f15f474c8956b1d158131e4) Importer(815301076,1909f56bfc062723c751e8b465ee728b)
Start importing Assets/Actor/Mesh/attack_01.anim using Guid(2b506b9f3f15f474c8956b1d158131e4) Importer(815301076,1909f56bfc062723c751e8b465ee728b)  -> (artifact id: 'b93fb42503857a2e81316046086c3b3f') in 0.013849 seconds
  Import took 0.018346 seconds .

========================================================================
Received Import Request.
  Time since last request: 10.669974 seconds.
  path: Assets/Actor/Mesh/attack_02.anim
  artifactKey: Guid(1c72f77402aba504eb4c4431fc351d67) Importer(815301076,1909f56bfc062723c751e8b465ee728b)
Start importing Assets/Actor/Mesh/attack_02.anim using Guid(1c72f77402aba504eb4c4431fc351d67) Importer(815301076,1909f56bfc062723c751e8b465ee728b)  -> (artifact id: '02299b92c1bac43cc0f6984ab7ec9665') in 0.023981 seconds
  Import took 0.029556 seconds .

========================================================================
Received Import Request.
  Time since last request: 6.367864 seconds.
  path: Assets/Actor/Mesh/attack_03.anim
  artifactKey: Guid(868506d6e6bcf274da1d3d48c01909f9) Importer(815301076,1909f56bfc062723c751e8b465ee728b)
Start importing Assets/Actor/Mesh/attack_03.anim using Guid(868506d6e6bcf274da1d3d48c01909f9) Importer(815301076,1909f56bfc062723c751e8b465ee728b)  -> (artifact id: '16b88d23d0f43453f99ff6b37712c2f7') in 0.015314 seconds
  Import took 0.019756 seconds .

========================================================================
Received Import Request.
  Time since last request: 5.037113 seconds.
  path: Assets/Actor/Mesh/idle.anim
  artifactKey: Guid(d8537986638c36640a621c8c6ffc007a) Importer(815301076,1909f56bfc062723c751e8b465ee728b)
Start importing Assets/Actor/Mesh/idle.anim using Guid(d8537986638c36640a621c8c6ffc007a) Importer(815301076,1909f56bfc062723c751e8b465ee728b)  -> (artifact id: 'bb99b5e7627b8697db9af5db07e45d68') in 0.010689 seconds
  Import took 0.018714 seconds .

========================================================================
Received Import Request.
  Time since last request: 6.843059 seconds.
  path: Assets/Actor/Mesh/run.anim
  artifactKey: Guid(ffb0eddb35cd7e24ab30ad1aae7335af) Importer(815301076,1909f56bfc062723c751e8b465ee728b)
Start importing Assets/Actor/Mesh/run.anim using Guid(ffb0eddb35cd7e24ab30ad1aae7335af) Importer(815301076,1909f56bfc062723c751e8b465ee728b)  -> (artifact id: '181a186e81617f99cfe53943e200ae03') in 0.015420 seconds
  Import took 0.021334 seconds .

========================================================================
Received Import Request.
  Time since last request: 7.404611 seconds.
  path: Assets/Actor/Mesh/Walking.anim
  artifactKey: Guid(f266c09d3a76f614ca07c01c2eb274c3) Importer(815301076,1909f56bfc062723c751e8b465ee728b)
Start importing Assets/Actor/Mesh/Walking.anim using Guid(f266c09d3a76f614ca07c01c2eb274c3) Importer(815301076,1909f56bfc062723c751e8b465ee728b)  -> (artifact id: '8cbf940443cd0869a4a9503511432cc5') in 0.018597 seconds
  Import took 0.023919 seconds .

========================================================================
Received Import Request.
  Time since last request: 16.933300 seconds.
  path: Assets/Actor/Mesh/actor.fbx
  artifactKey: Guid(0822a61c1ad3a2b40bedab0c28dc5584) Importer(815301076,1909f56bfc062723c751e8b465ee728b)
Start importing Assets/Actor/Mesh/actor.fbx using Guid(0822a61c1ad3a2b40bedab0c28dc5584) Importer(815301076,1909f56bfc062723c751e8b465ee728b)  -> (artifact id: '9414b4d7c4adbaa60d9d0b3501e99f4d') in 0.035875 seconds
  Import took 0.042557 seconds .

========================================================================
Received Prepare
Registering precompiled user dll's ...
Registered in 0.001726 seconds.
Begin MonoManager ReloadAssembly
Native extension for WindowsStandalone target not found
Refreshing native plugins compatible for Editor in 0.39 ms, found 0 plugins.
Preloading 0 native plugins for Editor in 0.00 ms.
Invoked RoslynAnalysisRunner static constructor.
RoslynAnalysisRunner will not be running.
RoslynAnalysisRunner has terminated.
Mono: successfully reloaded assembly
- Completed reload, in  0.964 seconds
Platform modules already initialized, skipping
Shader 'Universal Render Pipeline/Particles/Lit': fallback shader 'Universal Render Pipeline/Particles/SimpleLit' not found
Shader 'Universal Render Pipeline/Particles/Lit': fallback shader 'Universal Render Pipeline/Particles/SimpleLit' not found
Refreshing native plugins compatible for Editor in 0.71 ms, found 0 plugins.
Preloading 0 native plugins for Editor in 0.00 ms.
Unloading 2371 Unused Serialized files (Serialized files now loaded: 0)
System memory in use before: 129.5 MB.
System memory in use after: 127.4 MB.

Unloading 40 unused Assets to reduce memory usage. Loaded Objects now: 3093.
Total: 6.592200 ms (FindLiveObjects: 0.319700 ms CreateObjectMapping: 0.088400 ms MarkObjects: 3.140700 ms  DeleteObjects: 3.041000 ms)

========================================================================
Received Import Request.
  Time since last request: 325.742793 seconds.
  path: Assets/Actor/Mesh/attack_021.anim
  artifactKey: Guid(1c72f77402aba504eb4c4431fc351d67) Importer(815301076,1909f56bfc062723c751e8b465ee728b)
Start importing Assets/Actor/Mesh/attack_021.anim using Guid(1c72f77402aba504eb4c4431fc351d67) Importer(815301076,1909f56bfc062723c751e8b465ee728b)  -> (artifact id: '6d88417a8b750426bb826a424f5fa1ff') in 0.037000 seconds
  Import took 0.046795 seconds .

========================================================================
Received Import Request.
  Time since last request: 2.786961 seconds.
  path: Assets/Actor/Mesh/attack_02.anim
  artifactKey: Guid(868506d6e6bcf274da1d3d48c01909f9) Importer(815301076,1909f56bfc062723c751e8b465ee728b)
Start importing Assets/Actor/Mesh/attack_02.anim using Guid(868506d6e6bcf274da1d3d48c01909f9) Importer(815301076,1909f56bfc062723c751e8b465ee728b)  -> (artifact id: '07750f1ef25e01b574896e9c69bae92b') in 0.009378 seconds
  Import took 0.015994 seconds .

========================================================================
Received Import Request.
  Time since last request: 4.818480 seconds.
  path: Assets/Actor/Mesh/attack_03.anim
  artifactKey: Guid(1c72f77402aba504eb4c4431fc351d67) Importer(815301076,1909f56bfc062723c751e8b465ee728b)
Start importing Assets/Actor/Mesh/attack_03.anim using Guid(1c72f77402aba504eb4c4431fc351d67) Importer(815301076,1909f56bfc062723c751e8b465ee728b)  -> (artifact id: '2a460480ab92de18181c2998669762e3') in 0.015781 seconds
  Import took 0.023378 seconds .

========================================================================
Received Prepare
Registering precompiled user dll's ...
Registered in 0.001426 seconds.
Begin MonoManager ReloadAssembly
Native extension for WindowsStandalone target not found
Refreshing native plugins compatible for Editor in 0.43 ms, found 0 plugins.
Preloading 0 native plugins for Editor in 0.00 ms.
Invoked RoslynAnalysisRunner static constructor.
RoslynAnalysisRunner will not be running.
RoslynAnalysisRunner has terminated.
Mono: successfully reloaded assembly
- Completed reload, in  0.956 seconds
Platform modules already initialized, skipping
Shader 'Universal Render Pipeline/Particles/Lit': fallback shader 'Universal Render Pipeline/Particles/SimpleLit' not found
Shader 'Universal Render Pipeline/Particles/Lit': fallback shader 'Universal Render Pipeline/Particles/SimpleLit' not found
Refreshing native plugins compatible for Editor in 0.40 ms, found 0 plugins.
Preloading 0 native plugins for Editor in 0.00 ms.
Unloading 2371 Unused Serialized files (Serialized files now loaded: 0)
System memory in use before: 129.6 MB.
System memory in use after: 127.5 MB.

Unloading 40 unused Assets to reduce memory usage. Loaded Objects now: 3095.
Total: 4.364400 ms (FindLiveObjects: 0.275300 ms CreateObjectMapping: 0.113200 ms MarkObjects: 2.200800 ms  DeleteObjects: 1.773100 ms)

========================================================================
Received Import Request.
  Time since last request: 76.533742 seconds.
  path: Assets/Actor/Mesh/Walk.anim
  artifactKey: Guid(f266c09d3a76f614ca07c01c2eb274c3) Importer(815301076,1909f56bfc062723c751e8b465ee728b)
Start importing Assets/Actor/Mesh/Walk.anim using Guid(f266c09d3a76f614ca07c01c2eb274c3) Importer(815301076,1909f56bfc062723c751e8b465ee728b)  -> (artifact id: 'd4d5e9cc5927c398e4d84404af092a6b') in 0.026524 seconds
  Import took 0.031450 seconds .

========================================================================
Received Import Request.
  Time since last request: 7.025682 seconds.
  path: Assets/Actor/Mesh/walk.anim
  artifactKey: Guid(f266c09d3a76f614ca07c01c2eb274c3) Importer(815301076,1909f56bfc062723c751e8b465ee728b)
Start importing Assets/Actor/Mesh/walk.anim using Guid(f266c09d3a76f614ca07c01c2eb274c3) Importer(815301076,1909f56bfc062723c751e8b465ee728b)  -> (artifact id: '9fbb7454d9a68483ac6cc3bad37b77b0') in 0.013061 seconds
  Import took 0.020989 seconds .

========================================================================
Received Prepare
Registering precompiled user dll's ...
Registered in 0.001277 seconds.
Begin MonoManager ReloadAssembly
Native extension for WindowsStandalone target not found
Refreshing native plugins compatible for Editor in 0.37 ms, found 0 plugins.
Preloading 0 native plugins for Editor in 0.00 ms.
Invoked RoslynAnalysisRunner static constructor.
RoslynAnalysisRunner will not be running.
RoslynAnalysisRunner has terminated.
Mono: successfully reloaded assembly
- Completed reload, in  0.769 seconds
Platform modules already initialized, skipping
Shader 'Universal Render Pipeline/Particles/Lit': fallback shader 'Universal Render Pipeline/Particles/SimpleLit' not found
Shader 'Universal Render Pipeline/Particles/Lit': fallback shader 'Universal Render Pipeline/Particles/SimpleLit' not found
Refreshing native plugins compatible for Editor in 0.37 ms, found 0 plugins.
Preloading 0 native plugins for Editor in 0.00 ms.
Unloading 2371 Unused Serialized files (Serialized files now loaded: 0)
System memory in use before: 129.6 MB.
System memory in use after: 127.5 MB.

Unloading 40 unused Assets to reduce memory usage. Loaded Objects now: 3097.
Total: 4.232200 ms (FindLiveObjects: 0.241200 ms CreateObjectMapping: 0.096600 ms MarkObjects: 2.401200 ms  DeleteObjects: 1.492300 ms)

========================================================================
Received Import Request.
  Time since last request: 1371.724873 seconds.
  path: Assets/Actor/Mesh/eve_j_gonzales@Left Turn 90.fbx
  artifactKey: Guid(c22fe39def5014048870f84d59c7b299) Importer(815301076,1909f56bfc062723c751e8b465ee728b)
Start importing Assets/Actor/Mesh/eve_j_gonzales@Left Turn 90.fbx using Guid(c22fe39def5014048870f84d59c7b299) Importer(815301076,1909f56bfc062723c751e8b465ee728b)  -> (artifact id: '1e56240ba2c49524d41960a33d09296e') in 0.357324 seconds
  Import took 0.363704 seconds .

========================================================================
Received Import Request.
  Time since last request: 0.000202 seconds.
  path: Assets/Actor/Mesh/eve_j_gonzales@Right Turn 90.fbx
  artifactKey: Guid(87b83f9e624170848ba282baf18ad030) Importer(815301076,1909f56bfc062723c751e8b465ee728b)
Start importing Assets/Actor/Mesh/eve_j_gonzales@Right Turn 90.fbx using Guid(87b83f9e624170848ba282baf18ad030) Importer(815301076,1909f56bfc062723c751e8b465ee728b)  -> (artifact id: 'c925486706c09db3fd5a5a2ef0d579da') in 0.050146 seconds
  Import took 0.055913 seconds .

========================================================================
Received Import Request.
  Time since last request: 10.471537 seconds.
  path: Assets/Actor/Mesh/Left Turn 90.anim
  artifactKey: Guid(82d45954aa3afd243a0cfcc97837f64e) Importer(815301076,1909f56bfc062723c751e8b465ee728b)
Start importing Assets/Actor/Mesh/Left Turn 90.anim using Guid(82d45954aa3afd243a0cfcc97837f64e) Importer(815301076,1909f56bfc062723c751e8b465ee728b)  -> (artifact id: '6208c12d1a7fdc8185c9b6b02bdcfcd8') in 0.011689 seconds
  Import took 0.021111 seconds .

========================================================================
Received Import Request.
  Time since last request: 6.084942 seconds.
  path: Assets/Actor/Mesh/Right Turn 90.anim
  artifactKey: Guid(e168db020c178d34bbe5c804ebbdd641) Importer(815301076,1909f56bfc062723c751e8b465ee728b)
Start importing Assets/Actor/Mesh/Right Turn 90.anim using Guid(e168db020c178d34bbe5c804ebbdd641) Importer(815301076,1909f56bfc062723c751e8b465ee728b)  -> (artifact id: 'f1a4ee78211751f0368b15a5aa6f3f95') in 0.013204 seconds
  Import took 0.019342 seconds .

========================================================================
Received Import Request.
  Time since last request: 34.046423 seconds.
  path: Assets/Actor/Mesh/left_turn.anim
  artifactKey: Guid(82d45954aa3afd243a0cfcc97837f64e) Importer(815301076,1909f56bfc062723c751e8b465ee728b)
Start importing Assets/Actor/Mesh/left_turn.anim using Guid(82d45954aa3afd243a0cfcc97837f64e) Importer(815301076,1909f56bfc062723c751e8b465ee728b)  -> (artifact id: '0746a9ffa84061e91d5a8f06e84564a8') in 0.016366 seconds
  Import took 0.088051 seconds .

========================================================================
Received Import Request.
  Time since last request: 13.323153 seconds.
  path: Assets/Actor/Mesh/right_turn.anim
  artifactKey: Guid(e168db020c178d34bbe5c804ebbdd641) Importer(815301076,1909f56bfc062723c751e8b465ee728b)
Start importing Assets/Actor/Mesh/right_turn.anim using Guid(e168db020c178d34bbe5c804ebbdd641) Importer(815301076,1909f56bfc062723c751e8b465ee728b)  -> (artifact id: '7dbf4d3d06bc4f6d73fc2033e75d6942') in 0.011318 seconds
  Import took 0.016395 seconds .

========================================================================
Received Prepare
Registering precompiled user dll's ...
Registered in 0.002489 seconds.
Begin MonoManager ReloadAssembly
Native extension for WindowsStandalone target not found
Refreshing native plugins compatible for Editor in 0.42 ms, found 0 plugins.
Preloading 0 native plugins for Editor in 0.00 ms.
Invoked RoslynAnalysisRunner static constructor.
RoslynAnalysisRunner will not be running.
RoslynAnalysisRunner has terminated.
Mono: successfully reloaded assembly
- Completed reload, in  1.080 seconds
Platform modules already initialized, skipping
Shader 'Universal Render Pipeline/Particles/Lit': fallback shader 'Universal Render Pipeline/Particles/SimpleLit' not found
Shader 'Universal Render Pipeline/Particles/Lit': fallback shader 'Universal Render Pipeline/Particles/SimpleLit' not found
Refreshing native plugins compatible for Editor in 0.36 ms, found 0 plugins.
Preloading 0 native plugins for Editor in 0.00 ms.
Unloading 2371 Unused Serialized files (Serialized files now loaded: 0)
System memory in use before: 129.8 MB.
System memory in use after: 127.6 MB.

Unloading 40 unused Assets to reduce memory usage. Loaded Objects now: 3135.
Total: 3.655300 ms (FindLiveObjects: 0.447900 ms CreateObjectMapping: 0.104500 ms MarkObjects: 1.756100 ms  DeleteObjects: 1.341800 ms)

========================================================================
Received Import Request.
  Time since last request: 1030.126124 seconds.
  path: Assets/Weapon
  artifactKey: Guid(a60e2648ae707534498e480bea1e44d9) Importer(815301076,1909f56bfc062723c751e8b465ee728b)
Start importing Assets/Weapon using Guid(a60e2648ae707534498e480bea1e44d9) Importer(815301076,1909f56bfc062723c751e8b465ee728b)  -> (artifact id: '74ffdf2232f0677e3ea1c78df081c20b') in 0.014136 seconds
  Import took 0.019537 seconds .

========================================================================
Received Import Request.
  Time since last request: 1.196817 seconds.
  path: Assets/Weapon/Swords
  artifactKey: Guid(ed7a1b30bf2dd0a4e9ad0327d21f9cc4) Importer(815301076,1909f56bfc062723c751e8b465ee728b)
Start importing Assets/Weapon/Swords using Guid(ed7a1b30bf2dd0a4e9ad0327d21f9cc4) Importer(815301076,1909f56bfc062723c751e8b465ee728b)  -> (artifact id: 'bc10a9b5712b2e7cc15bda50ef2f8818') in 0.012086 seconds
  Import took 0.022527 seconds .

========================================================================
Received Import Request.
  Time since last request: 1.504417 seconds.
  path: Assets/Weapon/Swords/Textures
  artifactKey: Guid(9877cf770710acc4dbce345f306935f0) Importer(815301076,1909f56bfc062723c751e8b465ee728b)
Start importing Assets/Weapon/Swords/Textures using Guid(9877cf770710acc4dbce345f306935f0) Importer(815301076,1909f56bfc062723c751e8b465ee728b)  -> (artifact id: 'b23041df35e51db186e50c5e504dc266') in 0.010219 seconds
  Import took 0.015885 seconds .

========================================================================
Received Import Request.
  Time since last request: 0.001712 seconds.
  path: Assets/Weapon/Swords/Textures
  artifactKey: Guid(9877cf770710acc4dbce345f306935f0) Importer(815301076,1909f56bfc062723c751e8b465ee728b)
Start importing Assets/Weapon/Swords/Textures using Guid(9877cf770710acc4dbce345f306935f0) Importer(815301076,1909f56bfc062723c751e8b465ee728b)  -> (artifact id: 'b23041df35e51db186e50c5e504dc266') in 0.002554 seconds
  Import took 0.011324 seconds .

========================================================================
Received Import Request.
  Time since last request: 2.155725 seconds.
  path: Assets/Weapon/Swords/Materials
  artifactKey: Guid(156bbc6fdd3b63d439c89e2cce5be4f1) Importer(815301076,1909f56bfc062723c751e8b465ee728b)
Start importing Assets/Weapon/Swords/Materials using Guid(156bbc6fdd3b63d439c89e2cce5be4f1) Importer(815301076,1909f56bfc062723c751e8b465ee728b)  -> (artifact id: '4063d882279557c673553603e6175737') in 0.009726 seconds
  Import took 0.016851 seconds .

========================================================================
Received Import Request.
  Time since last request: 0.001138 seconds.
  path: Assets/Weapon/Swords/Materials
  artifactKey: Guid(156bbc6fdd3b63d439c89e2cce5be4f1) Importer(815301076,1909f56bfc062723c751e8b465ee728b)
Start importing Assets/Weapon/Swords/Materials using Guid(156bbc6fdd3b63d439c89e2cce5be4f1) Importer(815301076,1909f56bfc062723c751e8b465ee728b)  -> (artifact id: '4063d882279557c673553603e6175737') in 0.003929 seconds
  Import took 0.011064 seconds .

========================================================================
Received Import Request.
  Time since last request: 0.059109 seconds.
  path: Assets/Weapon/Swords/Materials/broadSword_mat.mat
  artifactKey: Guid(240d193b5961a334c8aa5da3c4e00f7b) Importer(815301076,1909f56bfc062723c751e8b465ee728b)
Start importing Assets/Weapon/Swords/Materials/broadSword_mat.mat using Guid(240d193b5961a334c8aa5da3c4e00f7b) Importer(815301076,1909f56bfc062723c751e8b465ee728b)  -> (artifact id: 'ca44f823d5439c58567914990e473e05') in 0.204929 seconds
  Import took 0.209985 seconds .

========================================================================
Received Import Request.
  Time since last request: 0.000295 seconds.
  path: Assets/Weapon/Swords/Materials/rapier_mat.mat
  artifactKey: Guid(cf5d94a63b435354eba7bd2b822fd5a8) Importer(815301076,1909f56bfc062723c751e8b465ee728b)
Start importing Assets/Weapon/Swords/Materials/rapier_mat.mat using Guid(cf5d94a63b435354eba7bd2b822fd5a8) Importer(815301076,1909f56bfc062723c751e8b465ee728b)  -> (artifact id: '97a6a94695a02c230d26c932b0f76ebf') in 0.022933 seconds
  Import took 0.028809 seconds .

========================================================================
Received Import Request.
  Time since last request: 0.000266 seconds.
  path: Assets/Weapon/Swords/Materials/katana_mat.mat
  artifactKey: Guid(2d53df72e4df3fb4183adab4ef943222) Importer(815301076,1909f56bfc062723c751e8b465ee728b)
Start importing Assets/Weapon/Swords/Materials/katana_mat.mat using Guid(2d53df72e4df3fb4183adab4ef943222) Importer(815301076,1909f56bfc062723c751e8b465ee728b)  -> (artifact id: 'f672c00a82d54f4d54ffe65a1feefc19') in 0.023609 seconds
  Import took 0.029935 seconds .

========================================================================
Received Import Request.
  Time since last request: 0.000460 seconds.
  path: Assets/Weapon/Swords/Materials/scimitar_mat.mat
  artifactKey: Guid(39a0645913fa9cc479eac083a431f36d) Importer(815301076,1909f56bfc062723c751e8b465ee728b)
Start importing Assets/Weapon/Swords/Materials/scimitar_mat.mat using Guid(39a0645913fa9cc479eac083a431f36d) Importer(815301076,1909f56bfc062723c751e8b465ee728b)  -> (artifact id: '69cff40306e6a58a0e48c07d0e6e7de8') in 0.027822 seconds
  Import took 0.035598 seconds .

========================================================================
Received Import Request.
  Time since last request: 0.000254 seconds.
  path: Assets/Weapon/Swords/Materials/longsword_mat.mat
  artifactKey: Guid(e155f3f856c7f414591579334c43e902) Importer(815301076,1909f56bfc062723c751e8b465ee728b)
Start importing Assets/Weapon/Swords/Materials/longsword_mat.mat using Guid(e155f3f856c7f414591579334c43e902) Importer(815301076,1909f56bfc062723c751e8b465ee728b)  -> (artifact id: '2688cf8d4defab3cb1e0eaae8814c368') in 0.026962 seconds
  Import took 0.039069 seconds .

========================================================================
Received Import Request.
  Time since last request: 1.843749 seconds.
  path: Assets/Weapon/Swords/Meshes
  artifactKey: Guid(ebad714de80f0694c97dff4d548582b1) Importer(815301076,1909f56bfc062723c751e8b465ee728b)
Start importing Assets/Weapon/Swords/Meshes using Guid(ebad714de80f0694c97dff4d548582b1) Importer(815301076,1909f56bfc062723c751e8b465ee728b)  -> (artifact id: '7d9fee19aeb627b66440a6d9a88d03de') in 0.011661 seconds
  Import took 0.015893 seconds .

========================================================================
Received Import Request.
  Time since last request: 1.843995 seconds.
  path: Assets/Weapon/Swords/Shader
  artifactKey: Guid(21d5f409d18f86646a8001b0addf253c) Importer(815301076,1909f56bfc062723c751e8b465ee728b)
Start importing Assets/Weapon/Swords/Shader using Guid(21d5f409d18f86646a8001b0addf253c) Importer(815301076,1909f56bfc062723c751e8b465ee728b)  -> (artifact id: '61c2330d1f265393ed57f94a8e4b93c6') in 0.009464 seconds
  Import took 0.017889 seconds .

========================================================================
Received Import Request.
  Time since last request: 0.000529 seconds.
  path: Assets/Weapon/Swords/Shader
  artifactKey: Guid(21d5f409d18f86646a8001b0addf253c) Importer(815301076,1909f56bfc062723c751e8b465ee728b)
Start importing Assets/Weapon/Swords/Shader using Guid(21d5f409d18f86646a8001b0addf253c) Importer(815301076,1909f56bfc062723c751e8b465ee728b)  -> (artifact id: '61c2330d1f265393ed57f94a8e4b93c6') in 0.002782 seconds
  Import took 0.008359 seconds .

========================================================================
Received Import Request.
  Time since last request: 9.065914 seconds.
  path: Assets/Weapon/Swords/Meshes/Scimitar
  artifactKey: Guid(909ac7498197c6f44b65873a833da051) Importer(815301076,1909f56bfc062723c751e8b465ee728b)
Start importing Assets/Weapon/Swords/Meshes/Scimitar using Guid(909ac7498197c6f44b65873a833da051) Importer(815301076,1909f56bfc062723c751e8b465ee728b)  -> (artifact id: 'd1c6c716c1bf203a2c3d5c9e6ef7b52f') in 0.008038 seconds
  Import took 0.015963 seconds .

========================================================================
Received Import Request.
  Time since last request: 0.001218 seconds.
  path: Assets/Weapon/Swords/Meshes/Scimitar
  artifactKey: Guid(909ac7498197c6f44b65873a833da051) Importer(815301076,1909f56bfc062723c751e8b465ee728b)
Start importing Assets/Weapon/Swords/Meshes/Scimitar using Guid(909ac7498197c6f44b65873a833da051) Importer(815301076,1909f56bfc062723c751e8b465ee728b)  -> (artifact id: 'd1c6c716c1bf203a2c3d5c9e6ef7b52f') in 0.008278 seconds
  Import took 0.014731 seconds .

========================================================================
Received Import Request.
  Time since last request: 0.068247 seconds.
  path: Assets/Weapon/Swords/Meshes/Scimitar/scimitar.fbx
  artifactKey: Guid(8fe2ceac3d8b82a44bae250174a0d2d0) Importer(815301076,1909f56bfc062723c751e8b465ee728b)
Start importing Assets/Weapon/Swords/Meshes/Scimitar/scimitar.fbx using Guid(8fe2ceac3d8b82a44bae250174a0d2d0) Importer(815301076,1909f56bfc062723c751e8b465ee728b)  -> (artifact id: '47168937c0fe5b2f1a913bea79eb1786') in 0.077156 seconds
  Import took 0.085611 seconds .

========================================================================
Received Import Request.
  Time since last request: 556.303902 seconds.
  path: Assets/Weapon/Swords/Meshes/Rapier
  artifactKey: Guid(36f64e1b66751764795ac46afce8b928) Importer(815301076,1909f56bfc062723c751e8b465ee728b)
Start importing Assets/Weapon/Swords/Meshes/Rapier using Guid(36f64e1b66751764795ac46afce8b928) Importer(815301076,1909f56bfc062723c751e8b465ee728b)  -> (artifact id: '2fbf08c79b97dd8ce2bb753fdb550e9b') in 0.008339 seconds
  Import took 0.016870 seconds .

========================================================================
Received Import Request.
  Time since last request: 0.045130 seconds.
  path: Assets/Weapon/Swords/Meshes/Rapier/rapier.fbx
  artifactKey: Guid(bc6bd5171403ebd4a90f535f8b1023c2) Importer(815301076,1909f56bfc062723c751e8b465ee728b)
Start importing Assets/Weapon/Swords/Meshes/Rapier/rapier.fbx using Guid(bc6bd5171403ebd4a90f535f8b1023c2) Importer(815301076,1909f56bfc062723c751e8b465ee728b)  -> (artifact id: '921c99886d388ab87f0595befc7b2e68') in 0.027924 seconds
  Import took 0.033406 seconds .

========================================================================
Received Import Request.
  Time since last request: 1.648776 seconds.
  path: Assets/Weapon/Swords/Meshes/Longsword
  artifactKey: Guid(cf77bdd91aa74414587d93268d98d6c0) Importer(815301076,1909f56bfc062723c751e8b465ee728b)
Start importing Assets/Weapon/Swords/Meshes/Longsword using Guid(cf77bdd91aa74414587d93268d98d6c0) Importer(815301076,1909f56bfc062723c751e8b465ee728b)  -> (artifact id: '1853995c85a7a5be364a7b7c8e5dac46') in 0.010119 seconds
  Import took 0.015042 seconds .

========================================================================
Received Import Request.
  Time since last request: 0.046192 seconds.
  path: Assets/Weapon/Swords/Meshes/Longsword/longsword.fbx
  artifactKey: Guid(7484c9ee9e81a274b9f590f50db046ef) Importer(815301076,1909f56bfc062723c751e8b465ee728b)
Start importing Assets/Weapon/Swords/Meshes/Longsword/longsword.fbx using Guid(7484c9ee9e81a274b9f590f50db046ef) Importer(815301076,1909f56bfc062723c751e8b465ee728b)  -> (artifact id: '8a520bd96a5d375178a52b6ad4286fc5') in 0.027547 seconds
  Import took 0.033086 seconds .

========================================================================
Received Import Request.
  Time since last request: 20.655627 seconds.
  path: Assets/Weapon/Swords/Meshes/Katana
  artifactKey: Guid(a43bafc3dbe3ebe40886f4166f955352) Importer(815301076,1909f56bfc062723c751e8b465ee728b)
Start importing Assets/Weapon/Swords/Meshes/Katana using Guid(a43bafc3dbe3ebe40886f4166f955352) Importer(815301076,1909f56bfc062723c751e8b465ee728b)  -> (artifact id: '10d129176546cc2d8f317d42552ffa36') in 0.010009 seconds
  Import took 0.015585 seconds .

========================================================================
Received Import Request.
  Time since last request: 0.051476 seconds.
  path: Assets/Weapon/Swords/Meshes/Katana/katana.fbx
  artifactKey: Guid(f9596f52dc5d12e4c8d035564d55754e) Importer(815301076,1909f56bfc062723c751e8b465ee728b)
Start importing Assets/Weapon/Swords/Meshes/Katana/katana.fbx using Guid(f9596f52dc5d12e4c8d035564d55754e) Importer(815301076,1909f56bfc062723c751e8b465ee728b)  -> (artifact id: '11677f6b7fe2ded643ec9efc4fa5e5b8') in 0.033007 seconds
  Import took 0.037667 seconds .

========================================================================
Received Prepare
Registering precompiled user dll's ...
Registered in 0.002313 seconds.
Begin MonoManager ReloadAssembly
Native extension for WindowsStandalone target not found
Refreshing native plugins compatible for Editor in 0.72 ms, found 0 plugins.
Preloading 0 native plugins for Editor in 0.00 ms.
Invoked RoslynAnalysisRunner static constructor.
RoslynAnalysisRunner will not be running.
RoslynAnalysisRunner has terminated.
Mono: successfully reloaded assembly
- Completed reload, in  1.369 seconds
Platform modules already initialized, skipping
Shader 'Universal Render Pipeline/Particles/Lit': fallback shader 'Universal Render Pipeline/Particles/SimpleLit' not found
Shader 'Universal Render Pipeline/Particles/Lit': fallback shader 'Universal Render Pipeline/Particles/SimpleLit' not found
Refreshing native plugins compatible for Editor in 0.43 ms, found 0 plugins.
Preloading 0 native plugins for Editor in 0.00 ms.
Unloading 2372 Unused Serialized files (Serialized files now loaded: 0)
System memory in use before: 130.6 MB.
System memory in use after: 128.1 MB.

Unloading 41 unused Assets to reduce memory usage. Loaded Objects now: 3174.
Total: 6.283100 ms (FindLiveObjects: 0.385000 ms CreateObjectMapping: 0.125500 ms MarkObjects: 3.282800 ms  DeleteObjects: 2.487900 ms)

========================================================================
Received Prepare
Registering precompiled user dll's ...
Registered in 0.001492 seconds.
Begin MonoManager ReloadAssembly
Native extension for WindowsStandalone target not found
Refreshing native plugins compatible for Editor in 0.63 ms, found 0 plugins.
Preloading 0 native plugins for Editor in 0.00 ms.
Invoked RoslynAnalysisRunner static constructor.
RoslynAnalysisRunner will not be running.
RoslynAnalysisRunner has terminated.
Mono: successfully reloaded assembly
- Completed reload, in  1.173 seconds
Platform modules already initialized, skipping
Shader 'Universal Render Pipeline/Particles/Lit': fallback shader 'Universal Render Pipeline/Particles/SimpleLit' not found
Shader 'Universal Render Pipeline/Particles/Lit': fallback shader 'Universal Render Pipeline/Particles/SimpleLit' not found
Refreshing native plugins compatible for Editor in 0.77 ms, found 0 plugins.
Preloading 0 native plugins for Editor in 0.00 ms.
Unloading 2372 Unused Serialized files (Serialized files now loaded: 0)
System memory in use before: 130.5 MB.
System memory in use after: 128.0 MB.

Unloading 41 unused Assets to reduce memory usage. Loaded Objects now: 3176.
Total: 8.085900 ms (FindLiveObjects: 0.846500 ms CreateObjectMapping: 0.508300 ms MarkObjects: 2.963800 ms  DeleteObjects: 3.763400 ms)

========================================================================
Received Prepare
Registering precompiled user dll's ...
Registered in 0.002133 seconds.
Begin MonoManager ReloadAssembly
Native extension for WindowsStandalone target not found
Refreshing native plugins compatible for Editor in 0.94 ms, found 0 plugins.
Preloading 0 native plugins for Editor in 0.00 ms.
Invoked RoslynAnalysisRunner static constructor.
RoslynAnalysisRunner will not be running.
RoslynAnalysisRunner has terminated.
Mono: successfully reloaded assembly
- Completed reload, in  1.399 seconds
Platform modules already initialized, skipping
Shader 'Universal Render Pipeline/Particles/Lit': fallback shader 'Universal Render Pipeline/Particles/SimpleLit' not found
Shader 'Universal Render Pipeline/Particles/Lit': fallback shader 'Universal Render Pipeline/Particles/SimpleLit' not found
Refreshing native plugins compatible for Editor in 0.47 ms, found 0 plugins.
Preloading 0 native plugins for Editor in 0.00 ms.
Unloading 2372 Unused Serialized files (Serialized files now loaded: 0)
System memory in use before: 130.6 MB.
System memory in use after: 128.1 MB.

Unloading 41 unused Assets to reduce memory usage. Loaded Objects now: 3178.
Total: 5.071600 ms (FindLiveObjects: 0.454300 ms CreateObjectMapping: 0.133700 ms MarkObjects: 2.528500 ms  DeleteObjects: 1.953200 ms)

========================================================================
Received Prepare
Registering precompiled user dll's ...
Registered in 0.003203 seconds.
Begin MonoManager ReloadAssembly
Native extension for WindowsStandalone target not found
Refreshing native plugins compatible for Editor in 1.08 ms, found 0 plugins.
Preloading 0 native plugins for Editor in 0.00 ms.
Invoked RoslynAnalysisRunner static constructor.
RoslynAnalysisRunner will not be running.
RoslynAnalysisRunner has terminated.
Mono: successfully reloaded assembly
- Completed reload, in  1.068 seconds
Platform modules already initialized, skipping
Shader 'Universal Render Pipeline/Particles/Lit': fallback shader 'Universal Render Pipeline/Particles/SimpleLit' not found
Shader 'Universal Render Pipeline/Particles/Lit': fallback shader 'Universal Render Pipeline/Particles/SimpleLit' not found
Refreshing native plugins compatible for Editor in 0.37 ms, found 0 plugins.
Preloading 0 native plugins for Editor in 0.00 ms.
Unloading 2372 Unused Serialized files (Serialized files now loaded: 0)
System memory in use before: 130.7 MB.
System memory in use after: 128.1 MB.

Unloading 41 unused Assets to reduce memory usage. Loaded Objects now: 3180.
Total: 4.435100 ms (FindLiveObjects: 0.369600 ms CreateObjectMapping: 0.113000 ms MarkObjects: 2.067200 ms  DeleteObjects: 1.883800 ms)

========================================================================
Received Prepare
Registering precompiled user dll's ...
Registered in 0.003558 seconds.
Begin MonoManager ReloadAssembly
Native extension for WindowsStandalone target not found
Refreshing native plugins compatible for Editor in 0.42 ms, found 0 plugins.
Preloading 0 native plugins for Editor in 0.00 ms.
Invoked RoslynAnalysisRunner static constructor.
RoslynAnalysisRunner will not be running.
RoslynAnalysisRunner has terminated.
Mono: successfully reloaded assembly
- Completed reload, in  0.937 seconds
Platform modules already initialized, skipping
Shader 'Universal Render Pipeline/Particles/Lit': fallback shader 'Universal Render Pipeline/Particles/SimpleLit' not found
Shader 'Universal Render Pipeline/Particles/Lit': fallback shader 'Universal Render Pipeline/Particles/SimpleLit' not found
Refreshing native plugins compatible for Editor in 0.42 ms, found 0 plugins.
Preloading 0 native plugins for Editor in 0.00 ms.
Unloading 2372 Unused Serialized files (Serialized files now loaded: 0)
System memory in use before: 130.6 MB.
System memory in use after: 128.1 MB.

Unloading 41 unused Assets to reduce memory usage. Loaded Objects now: 3182.
Total: 11.481700 ms (FindLiveObjects: 0.598000 ms CreateObjectMapping: 0.283800 ms MarkObjects: 5.499600 ms  DeleteObjects: 5.096800 ms)

AssetImportWorkerClient::OnTransportError - code=2 error=End of file
